<?xml version="1.0" encoding="UTF-8"?>
<!-- Generated by org.testng.reporters.JUnitXMLReporter -->
<testsuite hostname="DESKTOP-823C2EB" ignored="0" name="Chrome Test" tests="2" failures="0" timestamp="2020-04-20T00:31:09 IST" time="30.239" errors="0">
  <testcase name="appleSite" time="0.0" classname="com.selenium.handling.Selenium_Grid_parallel">
    <skipped/>
  </testcase> <!-- appleSite -->
  <testcase name="appleSite" time="20.07" classname="com.selenium.handling.Selenium_Grid_parallel"/>
</testsuite> <!-- Chrome Test -->
